<?xml version="1.0" encoding="UTF-8"?>
<!-- Generated by org.testng.reporters.JUnitReportReporter -->
<testsuite hostname="DESKTOP-G1F3SKE" failures="0" tests="2" name="Rest_Call" time="2.383" errors="0" timestamp="2022-09-01T20:10:25 GMT-04:00" skipped="0">
  <testcase classname="Rest_Call" name="Rest_Get" time="1.634"/>
  <system-out/>
  <testcase classname="Rest_Call" name="Rest_Post" time="0.749"/>
  <system-out/>
</testsuite> <!-- Rest_Call -->
